# JRE version: OpenJDK Runtime Environment (7.0_55-b14) (build 1.7.0_55-b14)
# Java VM: OpenJDK 64-Bit Server VM (24.51-b03 mixed mode linux-amd64 compressed oops)
Heap
 PSYoungGen      total 53760K, used 17549K [0x00000000ec000000, 0x00000000f3580000, 0x0000000100000000)
  eden space 49664K, 33% used [0x00000000ec000000,0x00000000ed00a460,0x00000000ef080000)
  from space 4096K, 27% used [0x00000000f2d80000,0x00000000f2e99010,0x00000000f3180000)
  to   space 4096K, 0% used [0x00000000f3180000,0x00000000f3180000,0x00000000f3580000)
 ParOldGen       total 40960K, used 2881K [0x00000000c4000000, 0x00000000c6800000, 0x00000000ec000000)
  object space 40960K, 7% used [0x00000000c4000000,0x00000000c42d06f0,0x00000000c6800000)
 PSPermGen       total 21504K, used 13843K [0x00000000b9a00000, 0x00000000baf00000, 0x00000000c4000000)
  object space 21504K, 64% used [0x00000000b9a00000,0x00000000ba784d58,0x00000000baf00000)
GC Heap History (10 events):
Event: 5.600 GC heap before
{Heap before GC invocations=7 (full 0):
 PSYoungGen      total 61440K, used 60208K [0x00000000ec000000, 0x00000000f3e00000, 0x0000000100000000)
  eden space 59392K, 98% used [0x00000000ec000000,0x00000000ef924118,0x00000000efa00000)
  from space 2048K, 82% used [0x00000000f3c00000,0x00000000f3da8000,0x00000000f3e00000)
  to   space 4096K, 0% used [0x00000000f3600000,0x00000000f3600000,0x00000000f3a00000)
 ParOldGen       total 40960K, used 1253K [0x00000000c4000000, 0x00000000c6800000, 0x00000000ec000000)
  object space 40960K, 3% used [0x00000000c4000000,0x00000000c41395b0,0x00000000c6800000)
 PSPermGen       total 21504K, used 13687K [0x00000000b9a00000, 0x00000000baf00000, 0x00000000c4000000)
  object space 21504K, 63% used [0x00000000b9a00000,0x00000000ba75dfe8,0x00000000baf00000)
Event: 5.611 GC heap after
Heap after GC invocations=7 (full 0):
 PSYoungGen      total 58880K, used 1124K [0x00000000ec000000, 0x00000000f3c80000, 0x0000000100000000)
  eden space 57344K, 0% used [0x00000000ec000000,0x00000000ec000000,0x00000000ef800000)
  from space 1536K, 73% used [0x00000000f3600000,0x00000000f3719010,0x00000000f3780000)
  to   space 4096K, 0% used [0x00000000f3880000,0x00000000f3880000,0x00000000f3c80000)
 ParOldGen       total 40960K, used 2777K [0x00000000c4000000, 0x00000000c6800000, 0x00000000ec000000)
  object space 40960K, 6% used [0x00000000c4000000,0x00000000c42b66f0,0x00000000c6800000)
 PSPermGen       total 21504K, used 13687K [0x00000000b9a00000, 0x00000000baf00000, 0x00000000c4000000)
  object space 21504K, 63% used [0x00000000b9a00000,0x00000000ba75dfe8,0x00000000baf00000)
}
Event: 6.780 GC heap before
{Heap before GC invocations=8 (full 0):
 PSYoungGen      total 58880K, used 57627K [0x00000000ec000000, 0x00000000f3c80000, 0x0000000100000000)
  eden space 57344K, 98% used [0x00000000ec000000,0x00000000ef72dd00,0x00000000ef800000)
  from space 1536K, 73% used [0x00000000f3600000,0x00000000f3719010,0x00000000f3780000)
  to   space 4096K, 0% used [0x00000000f3880000,0x00000000f3880000,0x00000000f3c80000)
 ParOldGen       total 40960K, used 2777K [0x00000000c4000000, 0x00000000c6800000, 0x00000000ec000000)
  object space 40960K, 6% used [0x00000000c4000000,0x00000000c42b66f0,0x00000000c6800000)
 PSPermGen       total 21504K, used 13691K [0x00000000b9a00000, 0x00000000baf00000, 0x00000000c4000000)
  object space 21504K, 63% used [0x00000000b9a00000,0x00000000ba75ecc0,0x00000000baf00000)
Event: 6.785 GC heap after
Heap after GC invocations=8 (full 0):
 PSYoungGen      total 55808K, used 224K [0x00000000ec000000, 0x00000000f3900000, 0x0000000100000000)
  eden space 55296K, 0% used [0x00000000ec000000,0x00000000ec000000,0x00000000ef600000)
  from space 512K, 43% used [0x00000000f3880000,0x00000000f38b8000,0x00000000f3900000)
  to   space 4096K, 0% used [0x00000000f3100000,0x00000000f3100000,0x00000000f3500000)
 ParOldGen       total 40960K, used 2801K [0x00000000c4000000, 0x00000000c6800000, 0x00000000ec000000)
  object space 40960K, 6% used [0x00000000c4000000,0x00000000c42bc6f0,0x00000000c6800000)
 PSPermGen       total 21504K, used 13691K [0x00000000b9a00000, 0x00000000baf00000, 0x00000000c4000000)
  object space 21504K, 63% used [0x00000000b9a00000,0x00000000ba75ecc0,0x00000000baf00000)
}
Event: 7.943 GC heap before
{Heap before GC invocations=9 (full 0):
 PSYoungGen      total 55808K, used 54780K [0x00000000ec000000, 0x00000000f3900000, 0x0000000100000000)
  eden space 55296K, 98% used [0x00000000ec000000,0x00000000ef5471f8,0x00000000ef600000)
  from space 512K, 43% used [0x00000000f3880000,0x00000000f38b8000,0x00000000f3900000)
  to   space 4096K, 0% used [0x00000000f3100000,0x00000000f3100000,0x00000000f3500000)
 ParOldGen       total 40960K, used 2801K [0x00000000c4000000, 0x00000000c6800000, 0x00000000ec000000)
  object space 40960K, 6% used [0x00000000c4000000,0x00000000c42bc6f0,0x00000000c6800000)
 PSPermGen       total 21504K, used 13698K [0x00000000b9a00000, 0x00000000baf00000, 0x00000000c4000000)
  object space 21504K, 63% used [0x00000000b9a00000,0x00000000ba760828,0x00000000baf00000)
Event: 7.945 GC heap after
Heap after GC invocations=9 (full 0):
 PSYoungGen      total 57344K, used 1156K [0x00000000ec000000, 0x00000000f3900000, 0x0000000100000000)
  eden space 53248K, 0% used [0x00000000ec000000,0x00000000ec000000,0x00000000ef400000)
  from space 4096K, 28% used [0x00000000f3100000,0x00000000f3221010,0x00000000f3500000)
  to   space 4096K, 0% used [0x00000000f3500000,0x00000000f3500000,0x00000000f3900000)
 ParOldGen       total 40960K, used 2833K [0x00000000c4000000, 0x00000000c6800000, 0x00000000ec000000)
  object space 40960K, 6% used [0x00000000c4000000,0x00000000c42c46f0,0x00000000c6800000)
 PSPermGen       total 21504K, used 13698K [0x00000000b9a00000, 0x00000000baf00000, 0x00000000c4000000)
  object space 21504K, 63% used [0x00000000b9a00000,0x00000000ba760828,0x00000000baf00000)
}
Event: 9.089 GC heap before
{Heap before GC invocations=10 (full 0):
 PSYoungGen      total 57344K, used 53775K [0x00000000ec000000, 0x00000000f3900000, 0x0000000100000000)
  eden space 53248K, 98% used [0x00000000ec000000,0x00000000ef362c28,0x00000000ef400000)
  from space 4096K, 28% used [0x00000000f3100000,0x00000000f3221010,0x00000000f3500000)
  to   space 4096K, 0% used [0x00000000f3500000,0x00000000f3500000,0x00000000f3900000)
 ParOldGen       total 40960K, used 2833K [0x00000000c4000000, 0x00000000c6800000, 0x00000000ec000000)
  object space 40960K, 6% used [0x00000000c4000000,0x00000000c42c46f0,0x00000000c6800000)
 PSPermGen       total 21504K, used 13701K [0x00000000b9a00000, 0x00000000baf00000, 0x00000000c4000000)
  object space 21504K, 63% used [0x00000000b9a00000,0x00000000ba761620,0x00000000baf00000)
Event: 9.096 GC heap after
Heap after GC invocations=10 (full 0):
 PSYoungGen      total 51712K, used 256K [0x00000000ec000000, 0x00000000f3580000, 0x0000000100000000)
  eden space 51200K, 0% used [0x00000000ec000000,0x00000000ec000000,0x00000000ef200000)
  from space 512K, 50% used [0x00000000f3500000,0x00000000f3540000,0x00000000f3580000)
  to   space 4096K, 0% used [0x00000000f2d80000,0x00000000f2d80000,0x00000000f3180000)
 ParOldGen       total 40960K, used 2849K [0x00000000c4000000, 0x00000000c6800000, 0x00000000ec000000)
  object space 40960K, 6% used [0x00000000c4000000,0x00000000c42c86f0,0x00000000c6800000)
 PSPermGen       total 21504K, used 13701K [0x00000000b9a00000, 0x00000000baf00000, 0x00000000c4000000)
  object space 21504K, 63% used [0x00000000b9a00000,0x00000000ba761620,0x00000000baf00000)
}
Event: 10.049 GC heap before
{Heap before GC invocations=11 (full 0):
 PSYoungGen      total 51712K, used 50990K [0x00000000ec000000, 0x00000000f3580000, 0x0000000100000000)
  eden space 51200K, 99% used [0x00000000ec000000,0x00000000ef18b960,0x00000000ef200000)
  from space 512K, 50% used [0x00000000f3500000,0x00000000f3540000,0x00000000f3580000)
  to   space 4096K, 0% used [0x00000000f2d80000,0x00000000f2d80000,0x00000000f3180000)
 ParOldGen       total 40960K, used 2849K [0x00000000c4000000, 0x00000000c6800000, 0x00000000ec000000)
  object space 40960K, 6% used [0x00000000c4000000,0x00000000c42c86f0,0x00000000c6800000)
 PSPermGen       total 21504K, used 13703K [0x00000000b9a00000, 0x00000000baf00000, 0x00000000c4000000)
  object space 21504K, 63% used [0x00000000b9a00000,0x00000000ba761d60,0x00000000baf00000)
Event: 10.052 GC heap after
Heap after GC invocations=11 (full 0):
 PSYoungGen      total 53760K, used 1124K [0x00000000ec000000, 0x00000000f3580000, 0x0000000100000000)
  eden space 49664K, 0% used [0x00000000ec000000,0x00000000ec000000,0x00000000ef080000)
  from space 4096K, 27% used [0x00000000f2d80000,0x00000000f2e99010,0x00000000f3180000)
  to   space 4096K, 0% used [0x00000000f3180000,0x00000000f3180000,0x00000000f3580000)
 ParOldGen       total 40960K, used 2881K [0x00000000c4000000, 0x00000000c6800000, 0x00000000ec000000)
  object space 40960K, 7% used [0x00000000c4000000,0x00000000c42d06f0,0x00000000c6800000)
 PSPermGen       total 21504K, used 13703K [0x00000000b9a00000, 0x00000000baf00000, 0x00000000c4000000)
  object space 21504K, 63% used [0x00000000b9a00000,0x00000000ba761d60,0x00000000baf00000)
}

