# JRE version: OpenJDK Runtime Environment (7.0_55-b14) (build 1.7.0_55-b14)
# Java VM: OpenJDK 64-Bit Server VM (24.51-b03 mixed mode linux-amd64 compressed oops)
Heap
 PSYoungGen      total 64000K, used 45683K [0x00000000ec000000, 0x00000000f4000000, 0x0000000100000000)
  eden space 61440K, 70% used [0x00000000ec000000,0x00000000eea1ecc8,0x00000000efc00000)
  from space 2560K, 99% used [0x00000000efc00000,0x00000000efe7e060,0x00000000efe80000)
  to   space 4096K, 0% used [0x00000000f3c00000,0x00000000f3c00000,0x00000000f4000000)
 ParOldGen       total 40960K, used 1263K [0x00000000c4000000, 0x00000000c6800000, 0x00000000ec000000)
  object space 40960K, 3% used [0x00000000c4000000,0x00000000c413bf20,0x00000000c6800000)
 PSPermGen       total 21504K, used 13912K [0x00000000b9a00000, 0x00000000baf00000, 0x00000000c4000000)
  object space 21504K, 64% used [0x00000000b9a00000,0x00000000ba7961a8,0x00000000baf00000)
GC Heap History (10 events):
Event: 0.284 GC heap before
{Heap before GC invocations=1 (full 0):
 PSYoungGen      total 17920K, used 15360K [0x00000000ec000000, 0x00000000ed400000, 0x0000000100000000)
  eden space 15360K, 100% used [0x00000000ec000000,0x00000000ecf00000,0x00000000ecf00000)
  from space 2560K, 0% used [0x00000000ed180000,0x00000000ed180000,0x00000000ed400000)
  to   space 2560K, 0% used [0x00000000ecf00000,0x00000000ecf00000,0x00000000ed180000)
 ParOldGen       total 40960K, used 0K [0x00000000c4000000, 0x00000000c6800000, 0x00000000ec000000)
  object space 40960K, 0% used [0x00000000c4000000,0x00000000c4000000,0x00000000c6800000)
 PSPermGen       total 21504K, used 11008K [0x00000000b9a00000, 0x00000000baf00000, 0x00000000c4000000)
  object space 21504K, 51% used [0x00000000b9a00000,0x00000000ba4c0018,0x00000000baf00000)
Event: 0.294 GC heap after
Heap after GC invocations=1 (full 0):
 PSYoungGen      total 17920K, used 2540K [0x00000000ec000000, 0x00000000ee300000, 0x0000000100000000)
  eden space 15360K, 0% used [0x00000000ec000000,0x00000000ec000000,0x00000000ecf00000)
  from space 2560K, 99% used [0x00000000ecf00000,0x00000000ed17b250,0x00000000ed180000)
  to   space 2560K, 0% used [0x00000000ee080000,0x00000000ee080000,0x00000000ee300000)
 ParOldGen       total 40960K, used 963K [0x00000000c4000000, 0x00000000c6800000, 0x00000000ec000000)
  object space 40960K, 2% used [0x00000000c4000000,0x00000000c40f0d90,0x00000000c6800000)
 PSPermGen       total 21504K, used 11008K [0x00000000b9a00000, 0x00000000baf00000, 0x00000000c4000000)
  object space 21504K, 51% used [0x00000000b9a00000,0x00000000ba4c0018,0x00000000baf00000)
}
Event: 0.822 GC heap before
{Heap before GC invocations=2 (full 0):
 PSYoungGen      total 17920K, used 17628K [0x00000000ec000000, 0x00000000ee300000, 0x0000000100000000)
  eden space 15360K, 98% used [0x00000000ec000000,0x00000000ecebc030,0x00000000ecf00000)
  from space 2560K, 99% used [0x00000000ecf00000,0x00000000ed17b250,0x00000000ed180000)
  to   space 2560K, 0% used [0x00000000ee080000,0x00000000ee080000,0x00000000ee300000)
 ParOldGen       total 40960K, used 963K [0x00000000c4000000, 0x00000000c6800000, 0x00000000ec000000)
  object space 40960K, 2% used [0x00000000c4000000,0x00000000c40f0d90,0x00000000c6800000)
 PSPermGen       total 21504K, used 13679K [0x00000000b9a00000, 0x00000000baf00000, 0x00000000c4000000)
  object space 21504K, 63% used [0x00000000b9a00000,0x00000000ba75be30,0x00000000baf00000)
Event: 0.828 GC heap after
Heap after GC invocations=2 (full 0):
 PSYoungGen      total 33280K, used 2446K [0x00000000ec000000, 0x00000000ee300000, 0x0000000100000000)
  eden space 30720K, 0% used [0x00000000ec000000,0x00000000ec000000,0x00000000ede00000)
  from space 2560K, 95% used [0x00000000ee080000,0x00000000ee2e3b78,0x00000000ee300000)
  to   space 2560K, 0% used [0x00000000ede00000,0x00000000ede00000,0x00000000ee080000)
 ParOldGen       total 40960K, used 971K [0x00000000c4000000, 0x00000000c6800000, 0x00000000ec000000)
  object space 40960K, 2% used [0x00000000c4000000,0x00000000c40f2d90,0x00000000c6800000)
 PSPermGen       total 21504K, used 13679K [0x00000000b9a00000, 0x00000000baf00000, 0x00000000c4000000)
  object space 21504K, 63% used [0x00000000b9a00000,0x00000000ba75be30,0x00000000baf00000)
}
Event: 1.454 GC heap before
{Heap before GC invocations=3 (full 0):
 PSYoungGen      total 33280K, used 32519K [0x00000000ec000000, 0x00000000ee300000, 0x0000000100000000)
  eden space 30720K, 97% used [0x00000000ec000000,0x00000000edd5e300,0x00000000ede00000)
  from space 2560K, 95% used [0x00000000ee080000,0x00000000ee2e3b78,0x00000000ee300000)
  to   space 2560K, 0% used [0x00000000ede00000,0x00000000ede00000,0x00000000ee080000)
 ParOldGen       total 40960K, used 971K [0x00000000c4000000, 0x00000000c6800000, 0x00000000ec000000)
  object space 40960K, 2% used [0x00000000c4000000,0x00000000c40f2d90,0x00000000c6800000)
 PSPermGen       total 21504K, used 13684K [0x00000000b9a00000, 0x00000000baf00000, 0x00000000c4000000)
  object space 21504K, 63% used [0x00000000b9a00000,0x00000000ba75d1e0,0x00000000baf00000)
Event: 1.460 GC heap after
Heap after GC invocations=3 (full 0):
 PSYoungGen      total 33280K, used 1970K [0x00000000ec000000, 0x00000000f0100000, 0x0000000100000000)
  eden space 30720K, 0% used [0x00000000ec000000,0x00000000ec000000,0x00000000ede00000)
  from space 2560K, 76% used [0x00000000ede00000,0x00000000edfec830,0x00000000ee080000)
  to   space 2560K, 0% used [0x00000000efe80000,0x00000000efe80000,0x00000000f0100000)
 ParOldGen       total 40960K, used 971K [0x00000000c4000000, 0x00000000c6800000, 0x00000000ec000000)
  object space 40960K, 2% used [0x00000000c4000000,0x00000000c40f2d90,0x00000000c6800000)
 PSPermGen       total 21504K, used 13684K [0x00000000b9a00000, 0x00000000baf00000, 0x00000000c4000000)
  object space 21504K, 63% used [0x00000000b9a00000,0x00000000ba75d1e0,0x00000000baf00000)
}
Event: 2.092 GC heap before
{Heap before GC invocations=4 (full 0):
 PSYoungGen      total 33280K, used 32423K [0x00000000ec000000, 0x00000000f0100000, 0x0000000100000000)
  eden space 30720K, 99% used [0x00000000ec000000,0x00000000eddbd598,0x00000000ede00000)
  from space 2560K, 76% used [0x00000000ede00000,0x00000000edfec830,0x00000000ee080000)
  to   space 2560K, 0% used [0x00000000efe80000,0x00000000efe80000,0x00000000f0100000)
 ParOldGen       total 40960K, used 971K [0x00000000c4000000, 0x00000000c6800000, 0x00000000ec000000)
  object space 40960K, 2% used [0x00000000c4000000,0x00000000c40f2d90,0x00000000c6800000)
 PSPermGen       total 21504K, used 13690K [0x00000000b9a00000, 0x00000000baf00000, 0x00000000c4000000)
  object space 21504K, 63% used [0x00000000b9a00000,0x00000000ba75e8e0,0x00000000baf00000)
Event: 2.097 GC heap after
Heap after GC invocations=4 (full 0):
 PSYoungGen      total 64000K, used 1840K [0x00000000ec000000, 0x00000000f0100000, 0x0000000100000000)
  eden space 61440K, 0% used [0x00000000ec000000,0x00000000ec000000,0x00000000efc00000)
  from space 2560K, 71% used [0x00000000efe80000,0x00000000f004c010,0x00000000f0100000)
  to   space 2560K, 0% used [0x00000000efc00000,0x00000000efc00000,0x00000000efe80000)
 ParOldGen       total 40960K, used 1107K [0x00000000c4000000, 0x00000000c6800000, 0x00000000ec000000)
  object space 40960K, 2% used [0x00000000c4000000,0x00000000c4114da0,0x00000000c6800000)
 PSPermGen       total 21504K, used 13690K [0x00000000b9a00000, 0x00000000baf00000, 0x00000000c4000000)
  object space 21504K, 63% used [0x00000000b9a00000,0x00000000ba75e8e0,0x00000000baf00000)
}
Event: 3.261 GC heap before
{Heap before GC invocations=5 (full 0):
 PSYoungGen      total 64000K, used 63116K [0x00000000ec000000, 0x00000000f0100000, 0x0000000100000000)
  eden space 61440K, 99% used [0x00000000ec000000,0x00000000efbd7350,0x00000000efc00000)
  from space 2560K, 71% used [0x00000000efe80000,0x00000000f004c010,0x00000000f0100000)
  to   space 2560K, 0% used [0x00000000efc00000,0x00000000efc00000,0x00000000efe80000)
 ParOldGen       total 40960K, used 1107K [0x00000000c4000000, 0x00000000c6800000, 0x00000000ec000000)
  object space 40960K, 2% used [0x00000000c4000000,0x00000000c4114da0,0x00000000c6800000)
 PSPermGen       total 21504K, used 13706K [0x00000000b9a00000, 0x00000000baf00000, 0x00000000c4000000)
  object space 21504K, 63% used [0x00000000b9a00000,0x00000000ba762940,0x00000000baf00000)
Event: 3.266 GC heap after
Heap after GC invocations=5 (full 0):
 PSYoungGen      total 64000K, used 2552K [0x00000000ec000000, 0x00000000f4000000, 0x0000000100000000)
  eden space 61440K, 0% used [0x00000000ec000000,0x00000000ec000000,0x00000000efc00000)
  from space 2560K, 99% used [0x00000000efc00000,0x00000000efe7e060,0x00000000efe80000)
  to   space 4096K, 0% used [0x00000000f3c00000,0x00000000f3c00000,0x00000000f4000000)
 ParOldGen       total 40960K, used 1263K [0x00000000c4000000, 0x00000000c6800000, 0x00000000ec000000)
  object space 40960K, 3% used [0x00000000c4000000,0x00000000c413bf20,0x00000000c6800000)
 PSPermGen       total 21504K, used 13706K [0x00000000b9a00000, 0x00000000baf00000, 0x00000000c4000000)
  object space 21504K, 63% used [0x00000000b9a00000,0x00000000ba762940,0x00000000baf00000)
}

