# JRE version: OpenJDK Runtime Environment (7.0_55-b14) (build 1.7.0_55-b14)
# Java VM: OpenJDK 64-Bit Server VM (24.51-b03 mixed mode linux-amd64 compressed oops)
Heap
 PSYoungGen      total 23552K, used 21336K [0x00000000ec000000, 0x00000000efc80000, 0x0000000100000000)
  eden space 22016K, 91% used [0x00000000ec000000,0x00000000ed3bd208,0x00000000ed580000)
  from space 1536K, 73% used [0x00000000ef980000,0x00000000efa99010,0x00000000efb00000)
  to   space 1536K, 0% used [0x00000000efb00000,0x00000000efb00000,0x00000000efc80000)
 ParOldGen       total 40960K, used 2826K [0x00000000c4000000, 0x00000000c6800000, 0x00000000ec000000)
  object space 40960K, 6% used [0x00000000c4000000,0x00000000c42c2838,0x00000000c6800000)
 PSPermGen       total 21504K, used 13949K [0x00000000b9a00000, 0x00000000baf00000, 0x00000000c4000000)
  object space 21504K, 64% used [0x00000000b9a00000,0x00000000ba79f560,0x00000000baf00000)
GC Heap History (10 events):
Event: 32.086 GC heap before
{Heap before GC invocations=43 (full 0):
 PSYoungGen      total 25088K, used 24225K [0x00000000ec000000, 0x00000000eff80000, 0x0000000100000000)
  eden space 24576K, 97% used [0x00000000ec000000,0x00000000ed780780,0x00000000ed800000)
  from space 512K, 31% used [0x00000000eff00000,0x00000000eff28000,0x00000000eff80000)
  to   space 2048K, 0% used [0x00000000efb80000,0x00000000efb80000,0x00000000efd80000)
 ParOldGen       total 40960K, used 2810K [0x00000000c4000000, 0x00000000c6800000, 0x00000000ec000000)
  object space 40960K, 6% used [0x00000000c4000000,0x00000000c42be838,0x00000000c6800000)
 PSPermGen       total 21504K, used 13756K [0x00000000b9a00000, 0x00000000baf00000, 0x00000000c4000000)
  object space 21504K, 63% used [0x00000000b9a00000,0x00000000ba76f398,0x00000000baf00000)
Event: 32.088 GC heap after
Heap after GC invocations=43 (full 0):
 PSYoungGen      total 26112K, used 128K [0x00000000ec000000, 0x00000000eff80000, 0x0000000100000000)
  eden space 24064K, 0% used [0x00000000ec000000,0x00000000ec000000,0x00000000ed780000)
  from space 2048K, 6% used [0x00000000efb80000,0x00000000efba0000,0x00000000efd80000)
  to   space 2048K, 0% used [0x00000000efd80000,0x00000000efd80000,0x00000000eff80000)
 ParOldGen       total 40960K, used 2818K [0x00000000c4000000, 0x00000000c6800000, 0x00000000ec000000)
  object space 40960K, 6% used [0x00000000c4000000,0x00000000c42c0838,0x00000000c6800000)
 PSPermGen       total 21504K, used 13756K [0x00000000b9a00000, 0x00000000baf00000, 0x00000000c4000000)
  object space 21504K, 63% used [0x00000000b9a00000,0x00000000ba76f398,0x00000000baf00000)
}
Event: 32.553 GC heap before
{Heap before GC invocations=44 (full 0):
 PSYoungGen      total 26112K, used 24110K [0x00000000ec000000, 0x00000000eff80000, 0x0000000100000000)
  eden space 24064K, 99% used [0x00000000ec000000,0x00000000ed76b988,0x00000000ed780000)
  from space 2048K, 6% used [0x00000000efb80000,0x00000000efba0000,0x00000000efd80000)
  to   space 2048K, 0% used [0x00000000efd80000,0x00000000efd80000,0x00000000eff80000)
 ParOldGen       total 40960K, used 2818K [0x00000000c4000000, 0x00000000c6800000, 0x00000000ec000000)
  object space 40960K, 6% used [0x00000000c4000000,0x00000000c42c0838,0x00000000c6800000)
 PSPermGen       total 21504K, used 13757K [0x00000000b9a00000, 0x00000000baf00000, 0x00000000c4000000)
  object space 21504K, 63% used [0x00000000b9a00000,0x00000000ba76f478,0x00000000baf00000)
Event: 32.554 GC heap after
Heap after GC invocations=44 (full 0):
 PSYoungGen      total 24064K, used 224K [0x00000000ec000000, 0x00000000efe00000, 0x0000000100000000)
  eden space 23552K, 0% used [0x00000000ec000000,0x00000000ec000000,0x00000000ed700000)
  from space 512K, 43% used [0x00000000efd80000,0x00000000efdb8000,0x00000000efe00000)
  to   space 2048K, 0% used [0x00000000efa00000,0x00000000efa00000,0x00000000efc00000)
 ParOldGen       total 40960K, used 2818K [0x00000000c4000000, 0x00000000c6800000, 0x00000000ec000000)
  object space 40960K, 6% used [0x00000000c4000000,0x00000000c42c0838,0x00000000c6800000)
 PSPermGen       total 21504K, used 13757K [0x00000000b9a00000, 0x00000000baf00000, 0x00000000c4000000)
  object space 21504K, 63% used [0x00000000b9a00000,0x00000000ba76f478,0x00000000baf00000)
}
Event: 33.013 GC heap before
{Heap before GC invocations=45 (full 0):
 PSYoungGen      total 24064K, used 23300K [0x00000000ec000000, 0x00000000efe00000, 0x0000000100000000)
  eden space 23552K, 97% used [0x00000000ec000000,0x00000000ed689318,0x00000000ed700000)
  from space 512K, 43% used [0x00000000efd80000,0x00000000efdb8000,0x00000000efe00000)
  to   space 2048K, 0% used [0x00000000efa00000,0x00000000efa00000,0x00000000efc00000)
 ParOldGen       total 40960K, used 2818K [0x00000000c4000000, 0x00000000c6800000, 0x00000000ec000000)
  object space 40960K, 6% used [0x00000000c4000000,0x00000000c42c0838,0x00000000c6800000)
 PSPermGen       total 21504K, used 13757K [0x00000000b9a00000, 0x00000000baf00000, 0x00000000c4000000)
  object space 21504K, 63% used [0x00000000b9a00000,0x00000000ba76f478,0x00000000baf00000)
Event: 33.015 GC heap after
Heap after GC invocations=45 (full 0):
 PSYoungGen      total 25088K, used 1060K [0x00000000ec000000, 0x00000000efe00000, 0x0000000100000000)
  eden space 23040K, 0% used [0x00000000ec000000,0x00000000ec000000,0x00000000ed680000)
  from space 2048K, 51% used [0x00000000efa00000,0x00000000efb09010,0x00000000efc00000)
  to   space 2048K, 0% used [0x00000000efc00000,0x00000000efc00000,0x00000000efe00000)
 ParOldGen       total 40960K, used 2818K [0x00000000c4000000, 0x00000000c6800000, 0x00000000ec000000)
  object space 40960K, 6% used [0x00000000c4000000,0x00000000c42c0838,0x00000000c6800000)
 PSPermGen       total 21504K, used 13757K [0x00000000b9a00000, 0x00000000baf00000, 0x00000000c4000000)
  object space 21504K, 63% used [0x00000000b9a00000,0x00000000ba76f478,0x00000000baf00000)
}
Event: 33.403 GC heap before
{Heap before GC invocations=46 (full 0):
 PSYoungGen      total 25088K, used 23233K [0x00000000ec000000, 0x00000000efe00000, 0x0000000100000000)
  eden space 23040K, 96% used [0x00000000ec000000,0x00000000ed5a7458,0x00000000ed680000)
  from space 2048K, 51% used [0x00000000efa00000,0x00000000efb09010,0x00000000efc00000)
  to   space 2048K, 0% used [0x00000000efc00000,0x00000000efc00000,0x00000000efe00000)
 ParOldGen       total 40960K, used 2818K [0x00000000c4000000, 0x00000000c6800000, 0x00000000ec000000)
  object space 40960K, 6% used [0x00000000c4000000,0x00000000c42c0838,0x00000000c6800000)
 PSPermGen       total 21504K, used 13758K [0x00000000b9a00000, 0x00000000baf00000, 0x00000000c4000000)
  object space 21504K, 63% used [0x00000000b9a00000,0x00000000ba76fa50,0x00000000baf00000)
Event: 33.405 GC heap after
Heap after GC invocations=46 (full 0):
 PSYoungGen      total 24064K, used 1124K [0x00000000ec000000, 0x00000000efd80000, 0x0000000100000000)
  eden space 22528K, 0% used [0x00000000ec000000,0x00000000ec000000,0x00000000ed600000)
  from space 1536K, 73% used [0x00000000efc00000,0x00000000efd19010,0x00000000efd80000)
  to   space 2048K, 0% used [0x00000000ef980000,0x00000000ef980000,0x00000000efb80000)
 ParOldGen       total 40960K, used 2826K [0x00000000c4000000, 0x00000000c6800000, 0x00000000ec000000)
  object space 40960K, 6% used [0x00000000c4000000,0x00000000c42c2838,0x00000000c6800000)
 PSPermGen       total 21504K, used 13758K [0x00000000b9a00000, 0x00000000baf00000, 0x00000000c4000000)
  object space 21504K, 63% used [0x00000000b9a00000,0x00000000ba76fa50,0x00000000baf00000)
}
Event: 33.910 GC heap before
{Heap before GC invocations=47 (full 0):
 PSYoungGen      total 24064K, used 23308K [0x00000000ec000000, 0x00000000efd80000, 0x0000000100000000)
  eden space 22528K, 98% used [0x00000000ec000000,0x00000000ed5aa008,0x00000000ed600000)
  from space 1536K, 73% used [0x00000000efc00000,0x00000000efd19010,0x00000000efd80000)
  to   space 2048K, 0% used [0x00000000ef980000,0x00000000ef980000,0x00000000efb80000)
 ParOldGen       total 40960K, used 2826K [0x00000000c4000000, 0x00000000c6800000, 0x00000000ec000000)
  object space 40960K, 6% used [0x00000000c4000000,0x00000000c42c2838,0x00000000c6800000)
 PSPermGen       total 21504K, used 13758K [0x00000000b9a00000, 0x00000000baf00000, 0x00000000c4000000)
  object space 21504K, 63% used [0x00000000b9a00000,0x00000000ba76fb10,0x00000000baf00000)
Event: 33.912 GC heap after
Heap after GC invocations=47 (full 0):
 PSYoungGen      total 23552K, used 1124K [0x00000000ec000000, 0x00000000efc80000, 0x0000000100000000)
  eden space 22016K, 0% used [0x00000000ec000000,0x00000000ec000000,0x00000000ed580000)
  from space 1536K, 73% used [0x00000000ef980000,0x00000000efa99010,0x00000000efb00000)
  to   space 1536K, 0% used [0x00000000efb00000,0x00000000efb00000,0x00000000efc80000)
 ParOldGen       total 40960K, used 2826K [0x00000000c4000000, 0x00000000c6800000, 0x00000000ec000000)
  object space 40960K, 6% used [0x00000000c4000000,0x00000000c42c2838,0x00000000c6800000)
 PSPermGen       total 21504K, used 13758K [0x00000000b9a00000, 0x00000000baf00000, 0x00000000c4000000)
  object space 21504K, 63% used [0x00000000b9a00000,0x00000000ba76fb10,0x00000000baf00000)
}

