# JRE version: OpenJDK Runtime Environment (7.0_55-b14) (build 1.7.0_55-b14)
# Java VM: OpenJDK 64-Bit Server VM (24.51-b03 mixed mode linux-amd64 compressed oops)
Heap
 PSYoungGen      total 33280K, used 8138K [0x00000000ec000000, 0x00000000f0100000, 0x0000000100000000)
  eden space 30720K, 18% used [0x00000000ec000000,0x00000000ec5758c0,0x00000000ede00000)
  from space 2560K, 99% used [0x00000000ede00000,0x00000000ee07d030,0x00000000ee080000)
  to   space 2560K, 0% used [0x00000000efe80000,0x00000000efe80000,0x00000000f0100000)
 ParOldGen       total 40960K, used 1731K [0x00000000c4000000, 0x00000000c6800000, 0x00000000ec000000)
  object space 40960K, 4% used [0x00000000c4000000,0x00000000c41b0d40,0x00000000c6800000)
 PSPermGen       total 21504K, used 13780K [0x00000000b9a00000, 0x00000000baf00000, 0x00000000c4000000)
  object space 21504K, 64% used [0x00000000b9a00000,0x00000000ba775010,0x00000000baf00000)
GC Heap History (6 events):
Event: 0.282 GC heap before
{Heap before GC invocations=1 (full 0):
 PSYoungGen      total 17920K, used 15360K [0x00000000ec000000, 0x00000000ed400000, 0x0000000100000000)
  eden space 15360K, 100% used [0x00000000ec000000,0x00000000ecf00000,0x00000000ecf00000)
  from space 2560K, 0% used [0x00000000ed180000,0x00000000ed180000,0x00000000ed400000)
  to   space 2560K, 0% used [0x00000000ecf00000,0x00000000ecf00000,0x00000000ed180000)
 ParOldGen       total 40960K, used 0K [0x00000000c4000000, 0x00000000c6800000, 0x00000000ec000000)
  object space 40960K, 0% used [0x00000000c4000000,0x00000000c4000000,0x00000000c6800000)
 PSPermGen       total 21504K, used 10832K [0x00000000b9a00000, 0x00000000baf00000, 0x00000000c4000000)
  object space 21504K, 50% used [0x00000000b9a00000,0x00000000ba494270,0x00000000baf00000)
Event: 0.289 GC heap after
Heap after GC invocations=1 (full 0):
 PSYoungGen      total 17920K, used 2541K [0x00000000ec000000, 0x00000000ee300000, 0x0000000100000000)
  eden space 15360K, 0% used [0x00000000ec000000,0x00000000ec000000,0x00000000ecf00000)
  from space 2560K, 99% used [0x00000000ecf00000,0x00000000ed17b748,0x00000000ed180000)
  to   space 2560K, 0% used [0x00000000ee080000,0x00000000ee080000,0x00000000ee300000)
 ParOldGen       total 40960K, used 763K [0x00000000c4000000, 0x00000000c6800000, 0x00000000ec000000)
  object space 40960K, 1% used [0x00000000c4000000,0x00000000c40bef80,0x00000000c6800000)
 PSPermGen       total 21504K, used 10832K [0x00000000b9a00000, 0x00000000baf00000, 0x00000000c4000000)
  object space 21504K, 50% used [0x00000000b9a00000,0x00000000ba494270,0x00000000baf00000)
}
Event: 0.750 GC heap before
{Heap before GC invocations=2 (full 0):
 PSYoungGen      total 17920K, used 17063K [0x00000000ec000000, 0x00000000ee300000, 0x0000000100000000)
  eden space 15360K, 94% used [0x00000000ec000000,0x00000000ece2e628,0x00000000ecf00000)
  from space 2560K, 99% used [0x00000000ecf00000,0x00000000ed17b748,0x00000000ed180000)
  to   space 2560K, 0% used [0x00000000ee080000,0x00000000ee080000,0x00000000ee300000)
 ParOldGen       total 40960K, used 763K [0x00000000c4000000, 0x00000000c6800000, 0x00000000ec000000)
  object space 40960K, 1% used [0x00000000c4000000,0x00000000c40bef80,0x00000000c6800000)
 PSPermGen       total 21504K, used 13635K [0x00000000b9a00000, 0x00000000baf00000, 0x00000000c4000000)
  object space 21504K, 63% used [0x00000000b9a00000,0x00000000ba750cd0,0x00000000baf00000)
Event: 0.757 GC heap after
Heap after GC invocations=2 (full 0):
 PSYoungGen      total 33280K, used 2548K [0x00000000ec000000, 0x00000000ee300000, 0x0000000100000000)
  eden space 30720K, 0% used [0x00000000ec000000,0x00000000ec000000,0x00000000ede00000)
  from space 2560K, 99% used [0x00000000ee080000,0x00000000ee2fd030,0x00000000ee300000)
  to   space 2560K, 0% used [0x00000000ede00000,0x00000000ede00000,0x00000000ee080000)
 ParOldGen       total 40960K, used 1683K [0x00000000c4000000, 0x00000000c6800000, 0x00000000ec000000)
  object space 40960K, 4% used [0x00000000c4000000,0x00000000c41a4d40,0x00000000c6800000)
 PSPermGen       total 21504K, used 13635K [0x00000000b9a00000, 0x00000000baf00000, 0x00000000c4000000)
  object space 21504K, 63% used [0x00000000b9a00000,0x00000000ba750cd0,0x00000000baf00000)
}
Event: 1.928 GC heap before
{Heap before GC invocations=3 (full 0):
 PSYoungGen      total 33280K, used 33027K [0x00000000ec000000, 0x00000000ee300000, 0x0000000100000000)
  eden space 30720K, 99% used [0x00000000ec000000,0x00000000eddc3e18,0x00000000ede00000)
  from space 2560K, 99% used [0x00000000ee080000,0x00000000ee2fd030,0x00000000ee300000)
  to   space 2560K, 0% used [0x00000000ede00000,0x00000000ede00000,0x00000000ee080000)
 ParOldGen       total 40960K, used 1683K [0x00000000c4000000, 0x00000000c6800000, 0x00000000ec000000)
  object space 40960K, 4% used [0x00000000c4000000,0x00000000c41a4d40,0x00000000c6800000)
 PSPermGen       total 21504K, used 13642K [0x00000000b9a00000, 0x00000000baf00000, 0x00000000c4000000)
  object space 21504K, 63% used [0x00000000b9a00000,0x00000000ba752a30,0x00000000baf00000)
Event: 1.933 GC heap after
Heap after GC invocations=3 (full 0):
 PSYoungGen      total 33280K, used 2548K [0x00000000ec000000, 0x00000000f0100000, 0x0000000100000000)
  eden space 30720K, 0% used [0x00000000ec000000,0x00000000ec000000,0x00000000ede00000)
  from space 2560K, 99% used [0x00000000ede00000,0x00000000ee07d030,0x00000000ee080000)
  to   space 2560K, 0% used [0x00000000efe80000,0x00000000efe80000,0x00000000f0100000)
 ParOldGen       total 40960K, used 1731K [0x00000000c4000000, 0x00000000c6800000, 0x00000000ec000000)
  object space 40960K, 4% used [0x00000000c4000000,0x00000000c41b0d40,0x00000000c6800000)
 PSPermGen       total 21504K, used 13642K [0x00000000b9a00000, 0x00000000baf00000, 0x00000000c4000000)
  object space 21504K, 63% used [0x00000000b9a00000,0x00000000ba752a30,0x00000000baf00000)
}

